<?xml version="1.0" encoding="UTF-8" ?>
<testsuite failures="0" time="0.02" errors="0" skipped="0" tests="5" name="com.api.rate.limiter.ApiRateLimiter.TestSlidingWindowRateLimiter">
  <properties>
[...]
</properties>
  <testcase time="0.019" classname="com.api.rate.limiter.ApiRateLimiter.TestSlidingWindowRateLimiter" name="testSlidingWindowRateLimitAddUserWithDenial"/>
  <testcase time="0" classname="com.api.rate.limiter.ApiRateLimiter.TestSlidingWindowRateLimiter" name="testSlidingWindowRateLimitWithDenial"/>
  <testcase time="0.001" classname="com.api.rate.limiter.ApiRateLimiter.TestSlidingWindowRateLimiter" name="testSlidingWindowRateLimitAddUser"/>
  <testcase time="0" classname="com.api.rate.limiter.ApiRateLimiter.TestSlidingWindowRateLimiter" name="testSlidingWindowRateLimitWithNoRequests"/>
  <testcase time="0" classname="com.api.rate.limiter.ApiRateLimiter.TestSlidingWindowRateLimiter" name="testSlidingWindowRateLimitAddUserWithoutDenial"/>
</testsuite>